<?xml version="1.0" encoding="UTF-8"?>
<!-- Generated by org.testng.reporters.JUnitReportReporter -->
<testsuite hostname="Bergin" failures="0" tests="1" name="com.bergin.ngtest.NewTest3" time="15.027" errors="0" timestamp="2023-01-25T22:21:17 IST" skipped="0">
  <testcase classname="com.bergin.ngtest.NewTest3" name="f" time="15.027"/>
  <system-out/>
</testsuite> <!-- com.bergin.ngtest.NewTest3 -->
